<?xml version="1.0" encoding="UTF-8"?>
<testng-results skipped="0" failed="0" ignored="0" total="0" passed="0">
  <reporter-output>
  </reporter-output>
  <suite name="Default suite" duration-ms="172" started-at="2022-02-23T16:43:21 CST" finished-at="2022-02-23T16:43:21 CST">
    <groups>
      <group name="cucumber">
        <method signature="AbstractTestNGCucumberTests.runScenario(io.cucumber.testng.PickleWrapper,io.cucumber.testng.FeatureWrapper)[pri:0, instance:com.training.runner.TestRunner@29b5cd00]" name="runScenario" class="io.cucumber.testng.AbstractTestNGCucumberTests"/>
      </group> <!-- cucumber -->
    </groups>
    <test name="Default test" duration-ms="172" started-at="2022-02-23T16:43:21 CST" finished-at="2022-02-23T16:43:21 CST">
      <class name="com.training.runner.TestRunner">
        <test-method status="PASS" signature="setUpClass(org.testng.ITestContext)[pri:0, instance:com.training.runner.TestRunner@29b5cd00]" name="setUpClass" is-config="true" duration-ms="137" started-at="2022-02-23T16:43:21 CST" finished-at="2022-02-23T16:43:21 CST">
          <params>
            <param index="0">
              <value>
                <![CDATA[org.testng.TestRunner@38c6f217]]>
              </value>
            </param>
          </params>
          <reporter-output>
          </reporter-output>
        </test-method> <!-- setUpClass -->
        <test-method status="PASS" signature="tearDownClass()[pri:0, instance:com.training.runner.TestRunner@29b5cd00]" name="tearDownClass" is-config="true" duration-ms="9" started-at="2022-02-23T16:43:21 CST" finished-at="2022-02-23T16:43:21 CST">
          <reporter-output>
          </reporter-output>
        </test-method> <!-- tearDownClass -->
      </class> <!-- com.training.runner.TestRunner -->
    </test> <!-- Default test -->
  </suite> <!-- Default suite -->
</testng-results>
